[INFO] Initializing Stream Deck Driver...
[INFO] Attempting to load items from database...
[INFO] 'streamdeck' table not found. Attempting to create/load database from Numbers.app.
[INFO] This requires 'Numbers.app' to be running and contain a sheet named 'Streamdeck' (or the active sheet will be used).
[INFO] Executing database setup script: /Users/kevinbrueckman/Library/StreamDeckDriver/streamdeck_db.py
[INFO] LOAD_SCRIPT STDOUT:
Target database path: /Users/kevinbrueckman/Library/StreamDeckDriver/streamdeck.db

[ERROR] LOAD_SCRIPT STDERR:
An error occurred during database creation: name 'db_path_param' is not defined

[INFO] Database load script completed. Retrying to get items.
[INFO] Initializing Stream Deck Driver...
[INFO] Attempting to load items from database...
[INFO] 'streamdeck' table not found. Attempting to create/load database from Numbers.app.
[INFO] This requires 'Numbers.app' to be running and contain a sheet named 'Streamdeck' (or the active sheet will be used).
[INFO] Executing database setup script: /Users/kevinbrueckman/Library/StreamDeckDriver/streamdeck_db.py
[INFO] LOAD_SCRIPT STDOUT:
Target database path: /Users/kevinbrueckman/Library/StreamDeckDriver/streamdeck.db

[ERROR] LOAD_SCRIPT STDERR:
An error occurred during database creation: name 'db_path_param' is not defined

[INFO] Database load script completed. Retrying to get items.
[INFO] Initializing Stream Deck Driver...
[INFO] Attempting to load items from database...
[INFO] 'streamdeck' table not found. Attempting to create/load database from Numbers.app.
[INFO] This requires 'Numbers.app' to be running and contain a sheet named 'Streamdeck' (or the active sheet will be used).
[INFO] Executing database setup script: /Users/kevinbrueckman/Library/StreamDeckDriver/streamdeck_db.py
[INFO] LOAD_SCRIPT STDOUT:
Target database path: /Users/kevinbrueckman/Library/StreamDeckDriver/streamdeck.db

[ERROR] LOAD_SCRIPT STDERR:
An error occurred during database creation: name 'db_path_param' is not defined

[INFO] Database load script completed. Retrying to get items.
[INFO] Initializing Stream Deck Driver...
[INFO] Attempting to load items from database...
[INFO] 'streamdeck' table not found. Attempting to create/load database from Numbers.app.
[INFO] This requires 'Numbers.app' to be running and contain a sheet named 'Streamdeck' (or the active sheet will be used).
[INFO] Executing database setup script: /Users/kevinbrueckman/Library/StreamDeckDriver/streamdeck_db.py
[INFO] LOAD_SCRIPT STDOUT:
Target database path: /Users/kevinbrueckman/Library/StreamDeckDriver/streamdeck.db

[ERROR] LOAD_SCRIPT STDERR:
An error occurred during database creation: name 'db_path_param' is not defined

[INFO] Database load script completed. Retrying to get items.
[INFO] Initializing Stream Deck Driver...
[INFO] Attempting to load items from database...
[INFO] 'streamdeck' table not found. Attempting to create/load database from Numbers.app.
[INFO] This requires 'Numbers.app' to be running and contain a sheet named 'Streamdeck' (or the active sheet will be used).
[INFO] Executing database setup script: /Users/kevinbrueckman/Library/StreamDeckDriver/streamdeck_db.py
[INFO] LOAD_SCRIPT STDOUT:
Target database path: /Users/kevinbrueckman/Library/StreamDeckDriver/streamdeck.db

[ERROR] LOAD_SCRIPT STDERR:
An error occurred during database creation: name 'db_path_param' is not defined

[INFO] Database load script completed. Retrying to get items.
[INFO] Initializing Stream Deck Driver...
[INFO] Attempting to load items from database...
[INFO] 'streamdeck' table not found. Attempting to create/load database from Numbers.app.
[INFO] This requires 'Numbers.app' to be running and contain a sheet named 'Streamdeck' (or the active sheet will be used).
[INFO] Executing database setup script: /Users/kevinbrueckman/Library/StreamDeckDriver/streamdeck_db.py
[INFO] LOAD_SCRIPT STDOUT:
Target database path: /Users/kevinbrueckman/Library/StreamDeckDriver/streamdeck.db

[ERROR] LOAD_SCRIPT STDERR:
An error occurred during database creation: name 'db_path_param' is not defined

[INFO] Database load script completed. Retrying to get items.
[INFO] Initializing Stream Deck Driver...
[INFO] Attempting to load items from database...
[INFO] 'streamdeck' table not found. Attempting to create/load database from Numbers.app.
[INFO] This requires 'Numbers.app' to be running and contain a sheet named 'Streamdeck' (or the active sheet will be used).
[INFO] Executing database setup script: /Users/kevinbrueckman/Library/StreamDeckDriver/streamdeck_db.py
[INFO] LOAD_SCRIPT STDOUT:
Target database path: /Users/kevinbrueckman/Library/StreamDeckDriver/streamdeck.db

[ERROR] LOAD_SCRIPT STDERR:
An error occurred during database creation: name 'db_path_param' is not defined

[INFO] Database load script completed. Retrying to get items.
[INFO] Initializing Stream Deck Driver...
[INFO] Attempting to load items from database...
[INFO] 'streamdeck' table not found. Attempting to create/load database from Numbers.app.
[INFO] This requires 'Numbers.app' to be running and contain a sheet named 'Streamdeck' (or the active sheet will be used).
[INFO] Executing database setup script: /Users/kevinbrueckman/Library/StreamDeckDriver/streamdeck_db.py
[INFO] LOAD_SCRIPT STDOUT:
Target database path: /Users/kevinbrueckman/Library/StreamDeckDriver/streamdeck.db

[ERROR] LOAD_SCRIPT STDERR:
An error occurred during database creation: name 'db_path_param' is not defined

[INFO] Database load script completed. Retrying to get items.
[INFO] Initializing Stream Deck Driver...
[INFO] Attempting to load items from database...
[INFO] 'streamdeck' table not found. Attempting to create/load database from Numbers.app.
[INFO] This requires 'Numbers.app' to be running and contain a sheet named 'Streamdeck' (or the active sheet will be used).
[INFO] Executing database setup script: /Users/kevinbrueckman/Library/StreamDeckDriver/streamdeck_db.py
[INFO] LOAD_SCRIPT STDOUT:
Target database path: /Users/kevinbrueckman/Library/StreamDeckDriver/streamdeck.db

[ERROR] LOAD_SCRIPT STDERR:
An error occurred during database creation: name 'db_path_param' is not defined

[INFO] Database load script completed. Retrying to get items.
[INFO] Initializing Stream Deck Driver...
[INFO] Attempting to load items from database...
[INFO] 'streamdeck' table not found. Attempting to create/load database from Numbers.app.
[INFO] This requires 'Numbers.app' to be running and contain a sheet named 'Streamdeck' (or the active sheet will be used).
[INFO] Executing database setup script: /Users/kevinbrueckman/Library/StreamDeckDriver/streamdeck_db.py
[INFO] LOAD_SCRIPT STDOUT:
Target database path: /Users/kevinbrueckman/Library/StreamDeckDriver/streamdeck.db

[ERROR] LOAD_SCRIPT STDERR:
An error occurred during database creation: name 'db_path_param' is not defined

[INFO] Database load script completed. Retrying to get items.
[INFO] Initializing Stream Deck Driver...
[INFO] Attempting to load items from database...
[INFO] 'streamdeck' table not found. Attempting to create/load database from Numbers.app.
[INFO] This requires 'Numbers.app' to be running and contain a sheet named 'Streamdeck' (or the active sheet will be used).
[INFO] Executing database setup script: /Users/kevinbrueckman/Library/StreamDeckDriver/streamdeck_db.py
[INFO] LOAD_SCRIPT STDOUT:
Target database path: /Users/kevinbrueckman/Library/StreamDeckDriver/streamdeck.db

[ERROR] LOAD_SCRIPT STDERR:
An error occurred during database creation: name 'db_path_param' is not defined

[INFO] Database load script completed. Retrying to get items.
[INFO] Initializing Stream Deck Driver...
[INFO] Attempting to load items from database...
[INFO] 'streamdeck' table not found. Attempting to create/load database from Numbers.app.
[INFO] This requires 'Numbers.app' to be running and contain a sheet named 'Streamdeck' (or the active sheet will be used).
[INFO] Executing database setup script: /Users/kevinbrueckman/Library/StreamDeckDriver/streamdeck_db.py
[INFO] LOAD_SCRIPT STDOUT:
Target database path: /Users/kevinbrueckman/Library/StreamDeckDriver/streamdeck.db

[ERROR] LOAD_SCRIPT STDERR:
An error occurred during database creation: name 'db_path_param' is not defined

[INFO] Database load script completed. Retrying to get items.
[INFO] Initializing Stream Deck Driver...
[INFO] Attempting to load items from database...
[INFO] 'streamdeck' table not found. Attempting to create/load database from Numbers.app.
[INFO] This requires 'Numbers.app' to be running and contain a sheet named 'Streamdeck' (or the active sheet will be used).
[INFO] Executing database setup script: /Users/kevinbrueckman/Library/StreamDeckDriver/streamdeck_db.py
[INFO] LOAD_SCRIPT STDOUT:
Target database path: /Users/kevinbrueckman/Library/StreamDeckDriver/streamdeck.db

[ERROR] LOAD_SCRIPT STDERR:
An error occurred during database creation: name 'db_path_param' is not defined

[INFO] Database load script completed. Retrying to get items.
[INFO] Initializing Stream Deck Driver...
[INFO] Attempting to load items from database...
[INFO] 'streamdeck' table not found. Attempting to create/load database from Numbers.app.
[INFO] This requires 'Numbers.app' to be running and contain a sheet named 'Streamdeck' (or the active sheet will be used).
[INFO] Executing database setup script: /Users/kevinbrueckman/Library/StreamDeckDriver/streamdeck_db.py
[INFO] LOAD_SCRIPT STDOUT:
Target database path: /Users/kevinbrueckman/Library/StreamDeckDriver/streamdeck.db

[ERROR] LOAD_SCRIPT STDERR:
An error occurred during database creation: name 'db_path_param' is not defined

[INFO] Database load script completed. Retrying to get items.
[INFO] Initializing Stream Deck Driver...
[INFO] Attempting to load items from database...
[INFO] 'streamdeck' table not found. Attempting to create/load database from Numbers.app.
[INFO] This requires 'Numbers.app' to be running and contain a sheet named 'Streamdeck' (or the active sheet will be used).
[INFO] Executing database setup script: /Users/kevinbrueckman/Library/StreamDeckDriver/streamdeck_db.py
[INFO] LOAD_SCRIPT STDOUT:
Target database path: /Users/kevinbrueckman/Library/StreamDeckDriver/streamdeck.db

[ERROR] LOAD_SCRIPT STDERR:
An error occurred during database creation: name 'db_path_param' is not defined

[INFO] Database load script completed. Retrying to get items.
[INFO] Initializing Stream Deck Driver...
[INFO] Attempting to load items from database...
[INFO] 'streamdeck' table not found. Attempting to create/load database from Numbers.app.
[INFO] This requires 'Numbers.app' to be running and contain a sheet named 'Streamdeck' (or the active sheet will be used).
[INFO] Executing database setup script: /Users/kevinbrueckman/Library/StreamDeckDriver/streamdeck_db.py
[INFO] LOAD_SCRIPT STDOUT:
Target database path: /Users/kevinbrueckman/Library/StreamDeckDriver/streamdeck.db

[ERROR] LOAD_SCRIPT STDERR:
An error occurred during database creation: name 'db_path_param' is not defined

[INFO] Database load script completed. Retrying to get items.
[INFO] Initializing Stream Deck Driver...
[INFO] Attempting to load items from database...
[INFO] 'streamdeck' table not found. Attempting to create/load database from Numbers.app.
[INFO] This requires 'Numbers.app' to be running and contain a sheet named 'Streamdeck' (or the active sheet will be used).
[INFO] Executing database setup script: /Users/kevinbrueckman/Library/StreamDeckDriver/streamdeck_db.py
[INFO] LOAD_SCRIPT STDOUT:
Target database path: /Users/kevinbrueckman/Library/StreamDeckDriver/streamdeck.db

[ERROR] LOAD_SCRIPT STDERR:
An error occurred during database creation: name 'db_path_param' is not defined

[INFO] Database load script completed. Retrying to get items.
[INFO] Initializing Stream Deck Driver...
[INFO] Attempting to load items from database...
[INFO] 'streamdeck' table not found. Attempting to create/load database from Numbers.app.
[INFO] This requires 'Numbers.app' to be running and contain a sheet named 'Streamdeck' (or the active sheet will be used).
[INFO] Executing database setup script: /Users/kevinbrueckman/Library/StreamDeckDriver/streamdeck_db.py
[INFO] LOAD_SCRIPT STDOUT:
Target database path: /Users/kevinbrueckman/Library/StreamDeckDriver/streamdeck.db

[ERROR] LOAD_SCRIPT STDERR:
An error occurred during database creation: name 'db_path_param' is not defined

[INFO] Database load script completed. Retrying to get items.
[INFO] Initializing Stream Deck Driver...
[INFO] Attempting to load items from database...
[INFO] 'streamdeck' table not found. Attempting to create/load database from Numbers.app.
[INFO] This requires 'Numbers.app' to be running and contain a sheet named 'Streamdeck' (or the active sheet will be used).
[INFO] Executing database setup script: /Users/kevinbrueckman/Library/StreamDeckDriver/streamdeck_db.py
[INFO] LOAD_SCRIPT STDOUT:
Target database path: /Users/kevinbrueckman/Library/StreamDeckDriver/streamdeck.db

[ERROR] LOAD_SCRIPT STDERR:
An error occurred during database creation: name 'db_path_param' is not defined

[INFO] Database load script completed. Retrying to get items.
[INFO] Initializing Stream Deck Driver...
[INFO] Attempting to load items from database...
[INFO] 'streamdeck' table not found. Attempting to create/load database from Numbers.app.
[INFO] This requires 'Numbers.app' to be running and contain a sheet named 'Streamdeck' (or the active sheet will be used).
[INFO] Executing database setup script: /Users/kevinbrueckman/Library/StreamDeckDriver/streamdeck_db.py
[INFO] LOAD_SCRIPT STDOUT:
Target database path: /Users/kevinbrueckman/Library/StreamDeckDriver/streamdeck.db
Fetching data from Numbers...
Validating and processing commands from Numbers data...
    Validation for row 5 (Label: 'D4', Cmd: 'ssh root@{{D4luckysapplewatch-ids}}'): WARN: Var 'D4luckysapplewatch-ids' needs sanitization to 'D4LUCKYSAPPLEWATCH_IDS' in '{{D4luckysapplewatch-ids}}'
    Sanitized command for row 5 (Label: 'D4') for DB. Original: 'ssh root@{{D4luckysapplewatch-ids}}', Sanitized: 'ssh root@{{D4LUCKYSAPPLEWATCH_IDS}}'
  Skipping malformed row (not enough parts): '"'
Writing 1 structurally corrected commands back to Numbers (Col D)...
Writing 26 validation statuses to Numbers (Col K)...
✅ Database '/Users/kevinbrueckman/Library/StreamDeckDriver/streamdeck.db' updated/created with 26 rows.

[ERROR] LOAD_SCRIPT STDERR:
--- AppleScript Start (Potential Error Detected) ---
tell application "Numbers"
            activate
            tell front document
                set target_sheet to missing value
                repeat with s_item in sheets
                    if name of s_item is "Streamdeck" then set target_sheet to s_item; exit repeat
                end repeat
                if target_sheet is missing value then set target_sheet to active sheet

                set data_to_write to {{rowIdx:"5", valToSet:"ssh root@{{D4LUCKYSAPPLEWATCH_IDS}}"}}

                tell target_sheet to tell table 1 of it
                    repeat with item_data in data_to_write
                        try
                            set r_idx to (rowIdx of item_data) as integer
                            set value of cell r_idx of column "D" to (valToSet of item_data)
                        on error errMsgD
                            log "Error setting Col D, Row " & (rowIdx of item_data) & ": " & errMsgD
                        end try
                    end repeat
                end tell
            end tell
        end tell
        return "Writeback to Col D attempted."
--- AppleScript End ---
AppleScript execution produced stderr (potential error):
260:261: syntax error: Expected end of line but found unknown token. (-2741)
  Error writing corrected commands to Numbers Col D: AppleScript execution indicated an error: 260:261: syntax error: Expected end of line but found unknown token. (-2741) (RC: 1)
--- AppleScript Start (Potential Error Detected) ---
tell application "Numbers"
            activate
            tell front document
                set target_sheet to missing value
                repeat with s_item in sheets
                    if name of s_item is "Streamdeck" then set target_sheet to s_item; exit repeat
                end repeat
                if target_sheet is missing value then set target_sheet to active sheet

                set data_to_write to {{rowIdx:""2", valToSet:"OK"}, {rowIdx:"3", valToSet:"OK"}, {rowIdx:"4", valToSet:"OK"}, {rowIdx:"5", valToSet:"WARN: Var 'D4luckysapplewatch-ids' needs sanitization to 'D4LUCKYSAPPLEWATCH_IDS' in '{{D4luckysapplewatch-ids}}'"}, {rowIdx:"6", valToSet:"OK"}, {rowIdx:"7", valToSet:"OK"}, {rowIdx:"8", valToSet:"OK"}, {rowIdx:"9", valToSet:"OK"}, {rowIdx:"10", valToSet:"OK"}, {rowIdx:"11", valToSet:"OK"}, {rowIdx:"12", valToSet:"OK"}, {rowIdx:"13", valToSet:"OK"}, {rowIdx:"14", valToSet:"OK"}, {rowIdx:"15", valToSet:"OK"}, {rowIdx:"16", valToSet:"OK"}, {rowIdx:"17", valToSet:"OK"}, {rowIdx:"18", valToSet:"OK"}, {rowIdx:"19", valToSet:"OK"}, {rowIdx:"20", valToSet:"OK"}, {rowIdx:"21", valToSet:"OK"}, {rowIdx:"22", valToSet:"OK"}, {rowIdx:"23", valToSet:"OK"}, {rowIdx:"24", valToSet:"OK"}, {rowIdx:"25", valToSet:"OK"}, {rowIdx:"26", valToSet:"OK"}, {rowIdx:"27", valToSet:"OK"}}

                tell target_sheet to tell table 1 of it
                    -- Ensure header for Column K is set
                    try
                        set current_header to value of cell 1 of column "K"
                        if current_header is not "Var Format Check" then
                             set value of cell 1 of column "K" to "Var Format Check"
                        end if
                    on error -- If header doesn't exist or error reading
                         set value of cell 1 of column "K" to "Var Format Check"
                    end try

                    repeat with item_data in data_to_write
                        try
                            set r_idx to (rowIdx of item_data) as integer
                            set value of cell r_idx of column "K" to (valToSet of item_data)
                        on error errMsgK
                            log "Error setting Col K, Row " & (rowIdx of item_data) & ": " & errMsgK
                        end try
                    end repeat
                end tell
            end tell
        end tell
        return "Writeback to Col K attempted."
--- AppleScript End ---
AppleScript execution produced stderr (potential error):
260:261: syntax error: Expected end of line but found unknown token. (-2741)
  Error writing validation statuses data to Numbers: AppleScript execution indicated an error: 260:261: syntax error: Expected end of line but found unknown token. (-2741) (RC: 1)

[INFO] Database load script completed. Retrying to get items.
[INFO] Initializing Stream Deck Driver...
[INFO] Attempting to load items from database...
[INFO] Initializing Stream Deck Driver...
[INFO] Attempting to load items from database...
[INFO] Initializing Stream Deck Driver...
[INFO] Attempting to load items from database...
[INFO] Initializing Stream Deck Driver...
[INFO] Attempting to load items from database...
[INFO] Initializing Stream Deck Driver...
[INFO] Attempting to load items from database...
[INFO] Initializing Stream Deck Driver...
[INFO] Attempting to load items from database...
[INFO] Initializing Stream Deck Driver...
[INFO] Attempting to load items from database...
[INFO] Initializing Stream Deck Driver...
[INFO] Attempting to load items from database...
[INFO] Initializing Stream Deck Driver...
[INFO] Attempting to load items from database...
[INFO] Initializing Stream Deck Driver...
[INFO] Attempting to load items from database...
[INFO] Initializing Stream Deck Driver...
[INFO] Attempting to load items from database...
[INFO] Initializing Stream Deck Driver...
[INFO] Attempting to load items from database...
[INFO] Initializing Stream Deck Driver...
[INFO] Attempting to load items from database...
[INFO] Initializing Stream Deck Driver...
[INFO] Attempting to load items from database...
[INFO] Initializing Stream Deck Driver...
[INFO] Attempting to load items from database...
[INFO] Initializing Stream Deck Driver...
[INFO] Attempting to load items from database...
[INFO] Initializing Stream Deck Driver...
[INFO] Attempting to load items from database...
[INFO] Initializing Stream Deck Driver...
[INFO] Attempting to load items from database...
[INFO] Initializing Stream Deck Driver...
[INFO] Attempting to load items from database...
[INFO] Initializing Stream Deck Driver...
[INFO] Attempting to load items from database...
[INFO] Initializing Stream Deck Driver...
[INFO] Attempting to load items from database...
[INFO] Initializing Stream Deck Driver...
[INFO] Attempting to load items from database...
[INFO] Initializing Stream Deck Driver...
[INFO] Attempting to load items from database...
[INFO] Initializing Stream Deck Driver...
[INFO] Attempting to load items from database...
[INFO] Initializing Stream Deck Driver...
[INFO] Attempting to load items from database...
[INFO] Initializing Stream Deck Driver...
[INFO] Attempting to load items from database...
[INFO] Initializing Stream Deck Driver...
[INFO] Attempting to load items from database...
[INFO] Initializing Stream Deck Driver...
[INFO] Attempting to load items from database...
[INFO] Initializing Stream Deck Driver...
[INFO] Attempting to load items from database...
[INFO] Initializing Stream Deck Driver...
[INFO] Attempting to load items from database...
[INFO] Initializing Stream Deck Driver...
[INFO] Attempting to load items from database...
[INFO] Initializing Stream Deck Driver...
[INFO] Attempting to load items from database...
[INFO] Initializing Stream Deck Driver...
[INFO] Attempting to load items from database...
[INFO] Initializing Stream Deck Driver...
[INFO] Attempting to load items from database...
[INFO] Initializing Stream Deck Driver...
[INFO] Attempting to load items from database...
[INFO] Initializing Stream Deck Driver...
[INFO] Attempting to load items from database...
[INFO] Initializing Stream Deck Driver...
[INFO] Attempting to load items from database...
[INFO] Initializing Stream Deck Driver...
[INFO] Attempting to load items from database...
[INFO] Initializing Stream Deck Driver...
[INFO] Attempting to load items from database...
[INFO] Initializing Stream Deck Driver...
[INFO] Attempting to load items from database...
[INFO] Initializing Stream Deck Driver...
[INFO] Attempting to load items from database...
[INFO] Initializing Stream Deck Driver...
[INFO] Attempting to load items from database...
[INFO] Initializing Stream Deck Driver...
[INFO] Attempting to load items from database...
[INFO] Initializing Stream Deck Driver...
[INFO] Attempting to load items from database...
[INFO] Initializing Stream Deck Driver...
[INFO] Attempting to load items from database...
[INFO] Initializing Stream Deck Driver...
[INFO] Attempting to load items from database...
[INFO] Initializing Stream Deck Driver...
[INFO] Attempting to load items from database...
[INFO] Initializing Stream Deck Driver...
[INFO] Attempting to load items from database...
[INFO] Initializing Stream Deck Driver...
[INFO] Attempting to load items from database...
[INFO] Initializing Stream Deck Driver...
[INFO] Attempting to load items from database...
[INFO] Initializing Stream Deck Driver...
[INFO] Attempting to load items from database...
[INFO] Initializing Stream Deck Driver...
[INFO] Attempting to load items from database...
[INFO] Initializing Stream Deck Driver...
[INFO] Attempting to load items from database...
[INFO] Initializing Stream Deck Driver...
[INFO] Attempting to load items from database...
[INFO] Initializing Stream Deck Driver...
[INFO] Attempting to load items from database...
[INFO] Initializing Stream Deck Driver...
[INFO] Attempting to load items from database...
[INFO] Initializing Stream Deck Driver...
[INFO] Attempting to load items from database...
[INFO] Initializing Stream Deck Driver...
[INFO] Attempting to load items from database...
[INFO] Initializing Stream Deck Driver...
[INFO] Attempting to load items from database...
[INFO] Initializing Stream Deck Driver...
[INFO] Attempting to load items from database...
[INFO] Initializing Stream Deck Driver...
[INFO] Attempting to load items from database...
[INFO] Initializing Stream Deck Driver...
[INFO] Attempting to load items from database...
[INFO] Initializing Stream Deck Driver...
[INFO] Attempting to load items from database...
[INFO] Initializing Stream Deck Driver...
[INFO] Attempting to load items from database...
[INFO] Initializing Stream Deck Driver...
[INFO] Attempting to load items from database...
[INFO] Initializing Stream Deck Driver...
[INFO] Attempting to load items from database...
[INFO] Initializing Stream Deck Driver...
[INFO] Attempting to load items from database...
[INFO] Initializing Stream Deck Driver...
[INFO] Attempting to load items from database...
[INFO] Initializing Stream Deck Driver...
[INFO] Attempting to load items from database...
[INFO] Initializing Stream Deck Driver...
[INFO] Attempting to load items from database...
[INFO] Initializing Stream Deck Driver...
[INFO] Attempting to load items from database...
[INFO] Initializing Stream Deck Driver...
[INFO] Attempting to load items from database...
[INFO] Initializing Stream Deck Driver...
[INFO] Attempting to load items from database...
[INFO] Initializing Stream Deck Driver...
[INFO] Attempting to load items from database...
[INFO] Initializing Stream Deck Driver...
[INFO] Attempting to load items from database...
[INFO] Initializing Stream Deck Driver...
[INFO] Attempting to load items from database...
[INFO] Initializing Stream Deck Driver...
[INFO] Attempting to load items from database...
[INFO] Initializing Stream Deck Driver...
[INFO] Attempting to load items from database...
[INFO] Initializing Stream Deck Driver...
[INFO] Attempting to load items from database...
[INFO] Initializing Stream Deck Driver...
[INFO] Attempting to load items from database...
[INFO] Initializing Stream Deck Driver...
[INFO] Attempting to load items from database...
[INFO] Initializing Stream Deck Driver...
[INFO] Attempting to load items from database...
[INFO] Initializing Stream Deck Driver...
[INFO] Attempting to load items from database...
[INFO] Initializing Stream Deck Driver...
[INFO] Attempting to load items from database...
[INFO] Initializing Stream Deck Driver...
[INFO] Attempting to load items from database...
[INFO] Initializing Stream Deck Driver...
[INFO] Attempting to load items from database...
[INFO] Initializing Stream Deck Driver...
[INFO] Attempting to load items from database...
[INFO] Initializing Stream Deck Driver...
[INFO] Attempting to load items from database...
[INFO] Initializing Stream Deck Driver...
[INFO] Attempting to load items from database...
[INFO] Initializing Stream Deck Driver...
[INFO] Attempting to load items from database...
[INFO] Initializing Stream Deck Driver...
[INFO] Attempting to load items from database...
[INFO] Initializing Stream Deck Driver...
[INFO] Attempting to load items from database...
[INFO] Initializing Stream Deck Driver...
[INFO] Attempting to load items from database...
[INFO] Initializing Stream Deck Driver...
[INFO] Attempting to load items from database...
[INFO] Initializing Stream Deck Driver...
[INFO] Attempting to load items from database...
[INFO] Initializing Stream Deck Driver...
[INFO] Attempting to load items from database...
[INFO] Initializing Stream Deck Driver...
[INFO] Attempting to load items from database...
[INFO] Initializing Stream Deck Driver...
[INFO] Attempting to load items from database...
[INFO] Initializing Stream Deck Driver...
[INFO] Attempting to load items from database...
[INFO] Initializing Stream Deck Driver...
[INFO] Attempting to load items from database...
[INFO] Initializing Stream Deck Driver...
[INFO] Attempting to load items from database...
[INFO] Initializing Stream Deck Driver...
[INFO] Attempting to load items from database...
[INFO] Initializing Stream Deck Driver...
[INFO] Attempting to load items from database...
[INFO] Initializing Stream Deck Driver...
[INFO] Attempting to load items from database...
[INFO] Initializing Stream Deck Driver...
[INFO] Attempting to load items from database...
[INFO] Initializing Stream Deck Driver...
[INFO] Attempting to load items from database...
[INFO] Initializing Stream Deck Driver...
[INFO] Attempting to load items from database...
[INFO] Initializing Stream Deck Driver...
[INFO] Attempting to load items from database...
[INFO] Initializing Stream Deck Driver...
[INFO] Attempting to load items from database...
[INFO] Initializing Stream Deck Driver...
[INFO] Attempting to load items from database...
[INFO] Initializing Stream Deck Driver...
[INFO] Attempting to load items from database...
[INFO] Initializing Stream Deck Driver...
[INFO] Attempting to load items from database...
[INFO] Initializing Stream Deck Driver...
[INFO] Attempting to load items from database...
[INFO] Initializing Stream Deck Driver...
[INFO] Attempting to load items from database...
[INFO] Initializing Stream Deck Driver...
[INFO] Attempting to load items from database...
[INFO] Initializing Stream Deck Driver...
[INFO] Attempting to load items from database...
[INFO] Initializing Stream Deck Driver...
[INFO] Attempting to load items from database...
[INFO] Initializing Stream Deck Driver...
[INFO] Attempting to load items from database...
[INFO] Initializing Stream Deck Driver...
[INFO] Attempting to load items from database...
[INFO] Initializing Stream Deck Driver...
[INFO] Attempting to load items from database...
[INFO] Initializing Stream Deck Driver...
[INFO] Attempting to load items from database...
[INFO] Initializing Stream Deck Driver...
[INFO] Attempting to load items from database...
[INFO] Initializing Stream Deck Driver...
[INFO] Attempting to load items from database...
[INFO] Initializing Stream Deck Driver...
[INFO] Attempting to load items from database...
[INFO] Initializing Stream Deck Driver...
[INFO] Attempting to load items from database...
[INFO] Initializing Stream Deck Driver...
[INFO] Attempting to load items from database...
[INFO] Initializing Stream Deck Driver...
[INFO] Attempting to load items from database...
[INFO] Initializing Stream Deck Driver...
[INFO] Attempting to load items from database...
[INFO] Initializing Stream Deck Driver...
[INFO] Attempting to load items from database...
[INFO] Initializing Stream Deck Driver...
[INFO] Attempting to load items from database...
[INFO] Initializing Stream Deck Driver...
[INFO] Attempting to load items from database...
[INFO] Initializing Stream Deck Driver...
[INFO] Attempting to load items from database...
[INFO] Initializing Stream Deck Driver...
[INFO] Attempting to load items from database...
[INFO] Initializing Stream Deck Driver...
[INFO] Attempting to load items from database...
[INFO] Initializing Stream Deck Driver...
[INFO] Attempting to load items from database...
[INFO] Initializing Stream Deck Driver...
[INFO] Attempting to load items from database...
[INFO] Initializing Stream Deck Driver...
[INFO] Attempting to load items from database...
[INFO] Initializing Stream Deck Driver...
[INFO] Attempting to load items from database...
[INFO] Initializing Stream Deck Driver...
[INFO] Attempting to load items from database...
[INFO] Initializing Stream Deck Driver...
[INFO] Attempting to load items from database...
[INFO] Initializing Stream Deck Driver...
[INFO] Attempting to load items from database...
[INFO] Initializing Stream Deck Driver...
[INFO] Attempting to load items from database...
[INFO] Initializing Stream Deck Driver...
[INFO] Attempting to load items from database...
[INFO] Initializing Stream Deck Driver...
[INFO] Attempting to load items from database...
[INFO] Initializing Stream Deck Driver...
[INFO] Attempting to load items from database...
[INFO] Initializing Stream Deck Driver...
[INFO] Attempting to load items from database...
[INFO] Initializing Stream Deck Driver...
[INFO] Attempting to load items from database...
[INFO] Initializing Stream Deck Driver...
[INFO] Attempting to load items from database...
[INFO] Initializing Stream Deck Driver...
[INFO] Attempting to load items from database...
[INFO] Initializing Stream Deck Driver...
[INFO] Attempting to load items from database...
[INFO] Initializing Stream Deck Driver...
[INFO] Attempting to load items from database...
[INFO] Initializing Stream Deck Driver...
[INFO] Attempting to load items from database...
[INFO] Initializing Stream Deck Driver...
[INFO] Attempting to load items from database...
[INFO] Initializing Stream Deck Driver...
[INFO] Attempting to load items from database...
[INFO] Initializing Stream Deck Driver...
[INFO] Attempting to load items from database...
[INFO] Initializing Stream Deck Driver...
[INFO] Attempting to load items from database...
[INFO] Initializing Stream Deck Driver...
[INFO] Attempting to load items from database...
[INFO] Initializing Stream Deck Driver...
[INFO] Attempting to load items from database...
[INFO] Initializing Stream Deck Driver...
[INFO] Attempting to load items from database...
[INFO] Initializing Stream Deck Driver...
[INFO] Attempting to load items from database...
[INFO] Initializing Stream Deck Driver...
[INFO] Attempting to load items from database...
[INFO] Initializing Stream Deck Driver...
[INFO] Attempting to load items from database...
[INFO] Initializing Stream Deck Driver...
[INFO] Attempting to load items from database...
[INFO] Initializing Stream Deck Driver...
[INFO] Attempting to load items from database...
[INFO] Initializing Stream Deck Driver...
[INFO] Attempting to load items from database...
[INFO] Initializing Stream Deck Driver...
[INFO] Attempting to load items from database...
[INFO] Initializing Stream Deck Driver...
[INFO] Attempting to load items from database...
[INFO] Initializing Stream Deck Driver...
[INFO] Attempting to load items from database...
[INFO] Initializing Stream Deck Driver...
[INFO] Attempting to load items from database...
[INFO] Initializing Stream Deck Driver...
[INFO] Attempting to load items from database...
[INFO] Initializing Stream Deck Driver...
[INFO] Attempting to load items from database...
[INFO] Initializing Stream Deck Driver...
[INFO] Attempting to load items from database...
[INFO] Initializing Stream Deck Driver...
[INFO] Attempting to load items from database...
[INFO] Initializing Stream Deck Driver...
[INFO] Attempting to load items from database...
[INFO] Initializing Stream Deck Driver...
[INFO] Attempting to load items from database...
[INFO] Initializing Stream Deck Driver...
[INFO] Attempting to load items from database...
[INFO] Initializing Stream Deck Driver...
[INFO] Attempting to load items from database...
[INFO] Initializing Stream Deck Driver...
[INFO] Attempting to load items from database...
[INFO] Initializing Stream Deck Driver...
[INFO] Attempting to load items from database...
[INFO] Initializing Stream Deck Driver...
[INFO] Attempting to load items from database...
[INFO] Initializing Stream Deck Driver...
[INFO] Attempting to load items from database...
[INFO] Initializing Stream Deck Driver...
[INFO] Attempting to load items from database...
[INFO] Initializing Stream Deck Driver...
[INFO] Attempting to load items from database...
[INFO] Initializing Stream Deck Driver...
[INFO] Attempting to load items from database...
[INFO] Initializing Stream Deck Driver...
[INFO] Attempting to load items from database...
[INFO] Initializing Stream Deck Driver...
[INFO] Attempting to load items from database...
[INFO] Initializing Stream Deck Driver...
[INFO] Attempting to load items from database...
[INFO] Initializing Stream Deck Driver...
[INFO] Attempting to load items from database...
[INFO] Initializing Stream Deck Driver...
[INFO] Attempting to load items from database...
[INFO] Initializing Stream Deck Driver...
[INFO] Attempting to load items from database...
[INFO] Initializing Stream Deck Driver...
[INFO] Attempting to load items from database...
[INFO] Initializing Stream Deck Driver...
[INFO] Attempting to load items from database...
[INFO] Initializing Stream Deck Driver...
[INFO] Attempting to load items from database...
[INFO] Initializing Stream Deck Driver...
[INFO] Attempting to load items from database...
[INFO] Initializing Stream Deck Driver...
[INFO] Attempting to load items from database...
[INFO] Initializing Stream Deck Driver...
[INFO] Attempting to load items from database...
[INFO] Initializing Stream Deck Driver...
[INFO] Attempting to load items from database...
[INFO] Initializing Stream Deck Driver...
[INFO] Attempting to load items from database...
[INFO] Initializing Stream Deck Driver...
[INFO] Attempting to load items from database...
[INFO] Initializing Stream Deck Driver...
[INFO] Attempting to load items from database...
[INFO] Initializing Stream Deck Driver...
[INFO] Attempting to load items from database...
[INFO] Initializing Stream Deck Driver...
[INFO] Attempting to load items from database...
[INFO] Initializing Stream Deck Driver...
[INFO] Attempting to load items from database...
[INFO] Initializing Stream Deck Driver...
[INFO] Attempting to load items from database...
[INFO] Initializing Stream Deck Driver...
[INFO] Attempting to load items from database...
[INFO] Initializing Stream Deck Driver...
[INFO] Attempting to load items from database...
[INFO] Initializing Stream Deck Driver...
[INFO] Attempting to load items from database...
[INFO] Initializing Stream Deck Driver...
[INFO] Attempting to load items from database...
[INFO] Initializing Stream Deck Driver...
[INFO] Attempting to load items from database...
[INFO] Initializing Stream Deck Driver...
[INFO] Attempting to load items from database...
[INFO] Initializing Stream Deck Driver...
[INFO] Attempting to load items from database...
[INFO] Initializing Stream Deck Driver...
[INFO] Attempting to load items from database...
[INFO] Initializing Stream Deck Driver...
[INFO] Attempting to load items from database...
[INFO] Initializing Stream Deck Driver...
[INFO] Attempting to load items from database...
[INFO] Initializing Stream Deck Driver...
[INFO] Attempting to load items from database...
[INFO] Initializing Stream Deck Driver...
[INFO] Attempting to load items from database...
[INFO] Initializing Stream Deck Driver...
[INFO] Attempting to load items from database...
[INFO] Initializing Stream Deck Driver...
[INFO] Attempting to load items from database...
[INFO] Initializing Stream Deck Driver...
[INFO] Attempting to load items from database...
[INFO] Initializing Stream Deck Driver...
[INFO] Attempting to load items from database...
[INFO] Initializing Stream Deck Driver...
[INFO] Attempting to load items from database...
[INFO] Initializing Stream Deck Driver...
[INFO] Attempting to load items from database...
[INFO] Initializing Stream Deck Driver...
[INFO] Attempting to load items from database...
[INFO] Initializing Stream Deck Driver...
[INFO] Attempting to load items from database...
[INFO] Initializing Stream Deck Driver...
[INFO] Attempting to load items from database...
[INFO] Initializing Stream Deck Driver...
[INFO] Attempting to load items from database...
[INFO] Initializing Stream Deck Driver...
[INFO] Attempting to load items from database...
[INFO] Initializing Stream Deck Driver...
[INFO] Attempting to load items from database...
[INFO] Initializing Stream Deck Driver...
[INFO] Attempting to load items from database...
[INFO] Initializing Stream Deck Driver...
[INFO] Attempting to load items from database...
[INFO] Initializing Stream Deck Driver...
[INFO] Attempting to load items from database...
[INFO] Initializing Stream Deck Driver...
[INFO] Attempting to load items from database...
[INFO] Initializing Stream Deck Driver...
[INFO] Attempting to load items from database...
[INFO] Initializing Stream Deck Driver...
[INFO] Attempting to load items from database...
[INFO] Initializing Stream Deck Driver...
[INFO] Attempting to load items from database...
[INFO] Initializing Stream Deck Driver...
[INFO] Attempting to load items from database...
[INFO] Initializing Stream Deck Driver...
[INFO] Attempting to load items from database...
[INFO] Initializing Stream Deck Driver...
[INFO] Attempting to load items from database...
[INFO] Initializing Stream Deck Driver...
[INFO] Attempting to load items from database...
[INFO] Initializing Stream Deck Driver...
[INFO] Attempting to load items from database...
[INFO] Initializing Stream Deck Driver...
[INFO] Attempting to load items from database...
[INFO] Initializing Stream Deck Driver...
[INFO] Attempting to load items from database...
[INFO] Initializing Stream Deck Driver...
[INFO] Attempting to load items from database...
[INFO] Initializing Stream Deck Driver...
[INFO] Attempting to load items from database...
[INFO] Initializing Stream Deck Driver...
[INFO] Attempting to load items from database...
[INFO] Initializing Stream Deck Driver...
[INFO] Attempting to load items from database...
[INFO] Initializing Stream Deck Driver...
[INFO] Attempting to load items from database...
[INFO] Initializing Stream Deck Driver...
[INFO] Attempting to load items from database...
[INFO] Initializing Stream Deck Driver...
[INFO] Attempting to load items from database...
[INFO] Initializing Stream Deck Driver...
[INFO] Attempting to load items from database...
[INFO] Initializing Stream Deck Driver...
[INFO] Attempting to load items from database...
[INFO] Initializing Stream Deck Driver...
[INFO] Attempting to load items from database...
[INFO] Initializing Stream Deck Driver...
[INFO] Attempting to load items from database...
[INFO] Initializing Stream Deck Driver...
[INFO] Attempting to load items from database...
[INFO] Initializing Stream Deck Driver...
[INFO] Attempting to load items from database...
[INFO] Initializing Stream Deck Driver...
[INFO] Attempting to load items from database...
[INFO] Initializing Stream Deck Driver...
[INFO] Attempting to load items from database...
[INFO] Initializing Stream Deck Driver...
[INFO] Attempting to load items from database...
[INFO] Initializing Stream Deck Driver...
[INFO] Attempting to load items from database...
[INFO] Initializing Stream Deck Driver...
[INFO] Attempting to load items from database...
[INFO] Initializing Stream Deck Driver...
[INFO] Attempting to load items from database...
[INFO] Initializing Stream Deck Driver...
[INFO] Attempting to load items from database...
[INFO] Initializing Stream Deck Driver...
[INFO] Attempting to load items from database...
[INFO] Initializing Stream Deck Driver...
[INFO] Attempting to load items from database...
[INFO] Initializing Stream Deck Driver...
[INFO] Attempting to load items from database...
[INFO] Initializing Stream Deck Driver...
[INFO] Attempting to load items from database...
[INFO] Initializing Stream Deck Driver...
[INFO] Attempting to load items from database...
[INFO] Initializing Stream Deck Driver...
[INFO] Attempting to load items from database...
[INFO] Initializing Stream Deck Driver...
[INFO] Attempting to load items from database...
[INFO] Initializing Stream Deck Driver...
[INFO] Attempting to load items from database...
[INFO] Initializing Stream Deck Driver...
[INFO] Attempting to load items from database...
[INFO] Initializing Stream Deck Driver...
[INFO] Attempting to load items from database...
[INFO] Initializing Stream Deck Driver...
[INFO] Attempting to load items from database...
[INFO] Initializing Stream Deck Driver...
[INFO] Attempting to load items from database...
[INFO] Initializing Stream Deck Driver...
[INFO] Attempting to load items from database...
[INFO] Initializing Stream Deck Driver...
[INFO] Attempting to load items from database...
[INFO] Initializing Stream Deck Driver...
[INFO] Attempting to load items from database...
[INFO] Initializing Stream Deck Driver...
[INFO] Attempting to load items from database...
[INFO] Initializing Stream Deck Driver...
[INFO] Attempting to load items from database...
[INFO] Initializing Stream Deck Driver...
[INFO] Attempting to load items from database...
[INFO] Initializing Stream Deck Driver...
[INFO] Attempting to load items from database...
[INFO] Initializing Stream Deck Driver...
[INFO] Attempting to load items from database...
[INFO] Initializing Stream Deck Driver...
[INFO] Attempting to load items from database...
[INFO] Initializing Stream Deck Driver...
[INFO] Attempting to load items from database...
[INFO] Initializing Stream Deck Driver...
[INFO] Attempting to load items from database...
[INFO] Initializing Stream Deck Driver...
[INFO] Attempting to load items from database...
[INFO] Initializing Stream Deck Driver...
[INFO] Attempting to load items from database...
[INFO] Initializing Stream Deck Driver...
[INFO] Attempting to load items from database...
[INFO] Initializing Stream Deck Driver...
[INFO] Attempting to load items from database...
[INFO] Initializing Stream Deck Driver...
[INFO] Attempting to load items from database...
[INFO] Initializing Stream Deck Driver...
[INFO] Attempting to load items from database...
[INFO] Initializing Stream Deck Driver...
[INFO] Attempting to load items from database...
[INFO] Initializing Stream Deck Driver...
[INFO] Attempting to load items from database...
[INFO] Initializing Stream Deck Driver...
[INFO] Attempting to load items from database...
[INFO] Initializing Stream Deck Driver...
[INFO] Attempting to load items from database...
[INFO] Initializing Stream Deck Driver...
[INFO] Attempting to load items from database...
[INFO] Initializing Stream Deck Driver...
[INFO] Attempting to load items from database...
[INFO] Initializing Stream Deck Driver...
[INFO] Attempting to load items from database...
[INFO] Initializing Stream Deck Driver...
[INFO] Attempting to load items from database...
[INFO] Initializing Stream Deck Driver...
[INFO] Attempting to load items from database...
[INFO] Initializing Stream Deck Driver...
[INFO] Attempting to load items from database...
[INFO] Initializing Stream Deck Driver...
[INFO] Attempting to load items from database...
[INFO] Initializing Stream Deck Driver...
[INFO] Attempting to load items from database...
[INFO] Initializing Stream Deck Driver...
[INFO] Attempting to load items from database...
[INFO] Initializing Stream Deck Driver...
[INFO] Attempting to load items from database...
[INFO] Initializing Stream Deck Driver...
[INFO] Attempting to load items from database...
[INFO] Initializing Stream Deck Driver...
[INFO] Attempting to load items from database...
[INFO] Initializing Stream Deck Driver...
[INFO] Attempting to load items from database...
[INFO] Initializing Stream Deck Driver...
[INFO] Attempting to load items from database...
[INFO] Initializing Stream Deck Driver...
[INFO] Attempting to load items from database...
[INFO] Initializing Stream Deck Driver...
[INFO] Attempting to load items from database...
[INFO] Initializing Stream Deck Driver...
[INFO] Attempting to load items from database...
[INFO] Initializing Stream Deck Driver...
[INFO] Attempting to load items from database...
[INFO] Initializing Stream Deck Driver...
[INFO] Attempting to load items from database...
[INFO] Initializing Stream Deck Driver...
[INFO] Attempting to load items from database...
[INFO] Initializing Stream Deck Driver...
[INFO] Attempting to load items from database...
[INFO] Initializing Stream Deck Driver...
[INFO] Attempting to load items from database...
[INFO] Initializing Stream Deck Driver...
[INFO] Attempting to load items from database...
[INFO] Initializing Stream Deck Driver...
[INFO] Attempting to load items from database...
[INFO] Initializing Stream Deck Driver...
[INFO] Attempting to load items from database...
[INFO] Initializing Stream Deck Driver...
[INFO] Attempting to load items from database...
[INFO] Initializing Stream Deck Driver...
[INFO] Attempting to load items from database...
[INFO] Initializing Stream Deck Driver...
[INFO] Attempting to load items from database...
[INFO] Initializing Stream Deck Driver...
[INFO] Attempting to load items from database...
[INFO] Initializing Stream Deck Driver...
[INFO] Attempting to load items from database...
[INFO] Initializing Stream Deck Driver...
[INFO] Attempting to load items from database...
[INFO] Initializing Stream Deck Driver...
[INFO] Attempting to load items from database...
[INFO] Initializing Stream Deck Driver...
[INFO] Attempting to load items from database...
[INFO] Initializing Stream Deck Driver...
[INFO] Attempting to load items from database...
[INFO] Initializing Stream Deck Driver...
[INFO] Attempting to load items from database...
[INFO] Initializing Stream Deck Driver...
[INFO] Attempting to load items from database...
[INFO] Initializing Stream Deck Driver...
[INFO] Attempting to load items from database...
[INFO] Initializing Stream Deck Driver...
[INFO] Attempting to load items from database...
[INFO] Initializing Stream Deck Driver...
[INFO] Attempting to load items from database...
[INFO] Initializing Stream Deck Driver...
[INFO] Attempting to load items from database...
[INFO] Initializing Stream Deck Driver...
[INFO] Attempting to load items from database...
[INFO] Initializing Stream Deck Driver...
[INFO] Attempting to load items from database...
[INFO] Initializing Stream Deck Driver...
[INFO] Attempting to load items from database...
[INFO] Initializing Stream Deck Driver...
[INFO] Attempting to load items from database...
[INFO] Initializing Stream Deck Driver...
[INFO] Attempting to load items from database...
[INFO] Initializing Stream Deck Driver...
[INFO] Attempting to load items from database...
[INFO] Initializing Stream Deck Driver...
[INFO] Attempting to load items from database...
[INFO] Initializing Stream Deck Driver...
[INFO] Attempting to load items from database...
[INFO] Initializing Stream Deck Driver...
[INFO] Attempting to load items from database...
[INFO] Initializing Stream Deck Driver...
[INFO] Attempting to load items from database...
[INFO] Initializing Stream Deck Driver...
[INFO] Attempting to load items from database...
[INFO] Initializing Stream Deck Driver...
[INFO] Attempting to load items from database...
[INFO] Initializing Stream Deck Driver...
[INFO] Attempting to load items from database...
[INFO] Initializing Stream Deck Driver...
[INFO] Attempting to load items from database...
[INFO] Initializing Stream Deck Driver...
[INFO] Attempting to load items from database...
[INFO] Initializing Stream Deck Driver...
[INFO] Attempting to load items from database...
[INFO] Initializing Stream Deck Driver...
[INFO] Attempting to load items from database...
[INFO] Initializing Stream Deck Driver...
[INFO] Attempting to load items from database...
[INFO] Initializing Stream Deck Driver...
[INFO] Attempting to load items from database...
[INFO] Initializing Stream Deck Driver...
[INFO] Attempting to load items from database...
[INFO] Initializing Stream Deck Driver...
[INFO] Attempting to load items from database...
[INFO] Initializing Stream Deck Driver...
[INFO] Attempting to load items from database...
[INFO] Initializing Stream Deck Driver...
[INFO] Attempting to load items from database...
[INFO] Initializing Stream Deck Driver...
[INFO] Attempting to load items from database...
[INFO] Initializing Stream Deck Driver...
[INFO] Attempting to load items from database...
[INFO] Initializing Stream Deck Driver...
[INFO] Attempting to load items from database...
[INFO] Initializing Stream Deck Driver...
[INFO] Attempting to load items from database...
[INFO] Initializing Stream Deck Driver...
[INFO] Attempting to load items from database...
[INFO] Initializing Stream Deck Driver...
[INFO] Attempting to load items from database...
[INFO] Initializing Stream Deck Driver...
[INFO] Attempting to load items from database...
[INFO] Initializing Stream Deck Driver...
[INFO] Attempting to load items from database...
[INFO] Initializing Stream Deck Driver...
[INFO] Attempting to load items from database...
[INFO] Initializing Stream Deck Driver...
[INFO] Attempting to load items from database...
[INFO] Initializing Stream Deck Driver...
[INFO] Attempting to load items from database...
[INFO] Initializing Stream Deck Driver...
[INFO] Attempting to load items from database...
[INFO] Initializing Stream Deck Driver...
[INFO] Attempting to load items from database...
[INFO] Initializing Stream Deck Driver...
[INFO] Attempting to load items from database...
[INFO] Initializing Stream Deck Driver...
[INFO] Attempting to load items from database...
[INFO] Initializing Stream Deck Driver...
[INFO] Attempting to load items from database...
[INFO] Initializing Stream Deck Driver...
[INFO] Attempting to load items from database...
[INFO] Initializing Stream Deck Driver...
[INFO] Attempting to load items from database...
[INFO] Initializing Stream Deck Driver...
[INFO] Attempting to load items from database...
[INFO] Initializing Stream Deck Driver...
[INFO] Attempting to load items from database...
[INFO] Initializing Stream Deck Driver...
[INFO] Attempting to load items from database...
[INFO] Initializing Stream Deck Driver...
[INFO] Attempting to load items from database...
[INFO] Initializing Stream Deck Driver...
[INFO] Attempting to load items from database...
[INFO] Initializing Stream Deck Driver...
[INFO] Attempting to load items from database...
[INFO] Initializing Stream Deck Driver...
[INFO] Attempting to load items from database...
[INFO] Initializing Stream Deck Driver...
[INFO] Attempting to load items from database...
[INFO] Initializing Stream Deck Driver...
[INFO] Attempting to load items from database...
[INFO] Initializing Stream Deck Driver...
[INFO] Attempting to load items from database...
[INFO] Initializing Stream Deck Driver...
[INFO] Attempting to load items from database...
[INFO] Initializing Stream Deck Driver...
[INFO] Attempting to load items from database...
[INFO] Initializing Stream Deck Driver...
[INFO] Attempting to load items from database...
[INFO] Initializing Stream Deck Driver...
[INFO] Attempting to load items from database...
[INFO] Initializing Stream Deck Driver...
[INFO] Attempting to load items from database...
[INFO] Initializing Stream Deck Driver...
[INFO] Attempting to load items from database...
[INFO] Initializing Stream Deck Driver...
[INFO] Attempting to load items from database...
[INFO] Initializing Stream Deck Driver...
[INFO] Attempting to load items from database...
[INFO] Initializing Stream Deck Driver...
[INFO] Attempting to load items from database...
[INFO] Initializing Stream Deck Driver...
[INFO] Attempting to load items from database...
[INFO] Initializing Stream Deck Driver...
[INFO] Attempting to load items from database...
[INFO] Initializing Stream Deck Driver...
[INFO] Attempting to load items from database...
[INFO] Initializing Stream Deck Driver...
[INFO] Attempting to load items from database...
[INFO] Initializing Stream Deck Driver...
[INFO] Attempting to load items from database...
[INFO] Initializing Stream Deck Driver...
[INFO] Attempting to load items from database...
[INFO] Initializing Stream Deck Driver...
[INFO] Attempting to load items from database...
[INFO] Initializing Stream Deck Driver...
[INFO] Attempting to load items from database...
[INFO] Initializing Stream Deck Driver...
[INFO] Attempting to load items from database...
[INFO] Initializing Stream Deck Driver...
[INFO] Attempting to load items from database...
[INFO] Initializing Stream Deck Driver...
[INFO] Attempting to load items from database...
[INFO] Initializing Stream Deck Driver...
[INFO] Attempting to load items from database...
[INFO] Initializing Stream Deck Driver...
[INFO] Attempting to load items from database...
[INFO] Initializing Stream Deck Driver...
[INFO] Attempting to load items from database...
[INFO] Initializing Stream Deck Driver...
[INFO] Attempting to load items from database...
[INFO] Initializing Stream Deck Driver...
[INFO] Attempting to load items from database...
[INFO] Initializing Stream Deck Driver...
[INFO] Attempting to load items from database...
[INFO] Initializing Stream Deck Driver...
[INFO] Attempting to load items from database...
[INFO] Initializing Stream Deck Driver...
[INFO] Attempting to load items from database...
[INFO] Initializing Stream Deck Driver...
[INFO] Attempting to load items from database...
[INFO] Initializing Stream Deck Driver...
[INFO] Attempting to load items from database...
[INFO] Initializing Stream Deck Driver...
[INFO] Attempting to load items from database...
[INFO] Initializing Stream Deck Driver...
[INFO] Attempting to load items from database...
[INFO] Initializing Stream Deck Driver...
[INFO] Attempting to load items from database...
[INFO] Initializing Stream Deck Driver...
[INFO] Attempting to load items from database...
[INFO] Initializing Stream Deck Driver...
[INFO] Attempting to load items from database...
[INFO] Initializing Stream Deck Driver...
[INFO] Attempting to load items from database...
[INFO] Initializing Stream Deck Driver...
[INFO] Attempting to load items from database...
[INFO] Initializing Stream Deck Driver...
[INFO] Attempting to load items from database...
[INFO] Initializing Stream Deck Driver...
[INFO] Attempting to load items from database...
[INFO] Initializing Stream Deck Driver...
[INFO] Attempting to load items from database...
[INFO] Initializing Stream Deck Driver...
[INFO] Attempting to load items from database...
[INFO] Initializing Stream Deck Driver...
[INFO] Attempting to load items from database...
[INFO] Initializing Stream Deck Driver...
[INFO] Attempting to load items from database...
[INFO] Initializing Stream Deck Driver...
[INFO] Attempting to load items from database...
[INFO] Initializing Stream Deck Driver...
[INFO] Attempting to load items from database...
[INFO] Initializing Stream Deck Driver...
[INFO] Attempting to load items from database...
[INFO] Initializing Stream Deck Driver...
[INFO] Attempting to load items from database...
[INFO] Initializing Stream Deck Driver...
[INFO] Attempting to load items from database...
[INFO] Initializing Stream Deck Driver...
[INFO] Attempting to load items from database...
[INFO] Initializing Stream Deck Driver...
[INFO] Attempting to load items from database...
[INFO] Initializing Stream Deck Driver...
[INFO] Attempting to load items from database...
[INFO] Initializing Stream Deck Driver...
[INFO] Attempting to load items from database...
[INFO] Initializing Stream Deck Driver...
[INFO] Attempting to load items from database...
[INFO] Initializing Stream Deck Driver...
[INFO] Attempting to load items from database...
[INFO] Initializing Stream Deck Driver...
[INFO] Attempting to load items from database...
[INFO] Initializing Stream Deck Driver...
[INFO] Attempting to load items from database...
[INFO] Initializing Stream Deck Driver...
[INFO] Attempting to load items from database...
[INFO] Initializing Stream Deck Driver...
[INFO] Attempting to load items from database...
[INFO] Initializing Stream Deck Driver...
[INFO] Attempting to load items from database...
[INFO] Initializing Stream Deck Driver...
[INFO] Attempting to load items from database...
[INFO] Initializing Stream Deck Driver...
[INFO] Attempting to load items from database...
[INFO] Initializing Stream Deck Driver...
[INFO] Attempting to load items from database...
[INFO] Initializing Stream Deck Driver...
[INFO] Attempting to load items from database...
[INFO] Initializing Stream Deck Driver...
[INFO] Attempting to load items from database...
[INFO] Initializing Stream Deck Driver...
[INFO] Attempting to load items from database...
[INFO] Initializing Stream Deck Driver...
[INFO] Attempting to load items from database...
[INFO] Initializing Stream Deck Driver...
[INFO] Attempting to load items from database...
[INFO] Initializing Stream Deck Driver...
[INFO] Attempting to load items from database...
[INFO] Initializing Stream Deck Driver...
[INFO] Attempting to load items from database...
[INFO] Initializing Stream Deck Driver...
[INFO] Attempting to load items from database...
[INFO] Initializing Stream Deck Driver...
[INFO] Attempting to load items from database...
[INFO] Initializing Stream Deck Driver...
[INFO] Attempting to load items from database...
[INFO] Initializing Stream Deck Driver...
[INFO] Attempting to load items from database...
[INFO] Initializing Stream Deck Driver...
[INFO] Attempting to load items from database...
[INFO] Initializing Stream Deck Driver...
[INFO] Attempting to load items from database...
[INFO] Initializing Stream Deck Driver...
[INFO] Attempting to load items from database...
[INFO] Initializing Stream Deck Driver...
[INFO] Attempting to load items from database...
[INFO] Initializing Stream Deck Driver...
[INFO] Attempting to load items from database...
[INFO] Initializing Stream Deck Driver...
[INFO] Attempting to load items from database...
[INFO] Initializing Stream Deck Driver...
[INFO] Attempting to load items from database...
[INFO] Initializing Stream Deck Driver...
[INFO] Attempting to load items from database...
[INFO] Initializing Stream Deck Driver...
[INFO] Attempting to load items from database...
[INFO] Initializing Stream Deck Driver...
[INFO] Attempting to load items from database...
[INFO] Initializing Stream Deck Driver...
[INFO] Attempting to load items from database...
[INFO] Initializing Stream Deck Driver...
[INFO] Attempting to load items from database...
[INFO] Initializing Stream Deck Driver...
[INFO] Attempting to load items from database...
[INFO] Initializing Stream Deck Driver...
[INFO] Attempting to load items from database...
[INFO] Initializing Stream Deck Driver...
[INFO] Attempting to load items from database...
[INFO] Initializing Stream Deck Driver...
[INFO] Attempting to load items from database...
[INFO] Initializing Stream Deck Driver...
[INFO] Attempting to load items from database...
[INFO] Initializing Stream Deck Driver...
[INFO] Attempting to load items from database...
[INFO] Initializing Stream Deck Driver...
[INFO] Attempting to load items from database...
[INFO] Initializing Stream Deck Driver...
[INFO] Attempting to load items from database...
[INFO] Initializing Stream Deck Driver...
[INFO] Attempting to load items from database...
[INFO] Initializing Stream Deck Driver...
[INFO] Attempting to load items from database...
[INFO] Initializing Stream Deck Driver...
[INFO] Attempting to load items from database...
[INFO] Initializing Stream Deck Driver...
[INFO] Attempting to load items from database...
[INFO] Initializing Stream Deck Driver...
[INFO] Attempting to load items from database...
[INFO] Initializing Stream Deck Driver...
[INFO] Attempting to load items from database...
[INFO] Initializing Stream Deck Driver...
[INFO] Attempting to load items from database...
[INFO] Initializing Stream Deck Driver...
[INFO] Attempting to load items from database...
[INFO] Initializing Stream Deck Driver...
[INFO] Attempting to load items from database...
[INFO] Initializing Stream Deck Driver...
[INFO] Attempting to load items from database...
[INFO] Initializing Stream Deck Driver...
[INFO] Attempting to load items from database...
[INFO] Initializing Stream Deck Driver...
[INFO] Attempting to load items from database...
[INFO] Initializing Stream Deck Driver...
[INFO] Attempting to load items from database...
[INFO] Initializing Stream Deck Driver...
[INFO] Attempting to load items from database...
[INFO] Initializing Stream Deck Driver...
[INFO] Attempting to load items from database...
[INFO] Initializing Stream Deck Driver...
[INFO] Attempting to load items from database...
[INFO] Initializing Stream Deck Driver...
[INFO] Attempting to load items from database...
[INFO] Initializing Stream Deck Driver...
[INFO] Attempting to load items from database...
[INFO] Initializing Stream Deck Driver...
[INFO] Attempting to load items from database...
[INFO] Initializing Stream Deck Driver...
[INFO] Attempting to load items from database...
[INFO] Initializing Stream Deck Driver...
[INFO] Attempting to load items from database...
[INFO] Initializing Stream Deck Driver...
[INFO] Attempting to load items from database...
[INFO] Initializing Stream Deck Driver...
[INFO] Attempting to load items from database...
[INFO] Initializing Stream Deck Driver...
[INFO] Attempting to load items from database...
[INFO] Initializing Stream Deck Driver...
[INFO] Attempting to load items from database...
[INFO] Initializing Stream Deck Driver...
[INFO] Attempting to load items from database...
[INFO] Initializing Stream Deck Driver...
[INFO] Attempting to load items from database...
[INFO] Initializing Stream Deck Driver...
[INFO] Attempting to load items from database...
[INFO] Initializing Stream Deck Driver...
[INFO] Attempting to load items from database...
[INFO] Initializing Stream Deck Driver...
[INFO] Attempting to load items from database...
[INFO] Initializing Stream Deck Driver...
[INFO] Attempting to load items from database...
[INFO] Initializing Stream Deck Driver...
[INFO] Attempting to load items from database...
[INFO] Initializing Stream Deck Driver...
[INFO] Attempting to load items from database...
[INFO] Initializing Stream Deck Driver...
[INFO] Attempting to load items from database...
[INFO] Initializing Stream Deck Driver...
[INFO] Attempting to load items from database...
[INFO] Initializing Stream Deck Driver...
[INFO] Attempting to load items from database...
[INFO] Initializing Stream Deck Driver...
[INFO] Attempting to load items from database...
[INFO] Initializing Stream Deck Driver...
[INFO] Attempting to load items from database...
[INFO] Initializing Stream Deck Driver...
[INFO] Attempting to load items from database...
[INFO] Initializing Stream Deck Driver...
[INFO] Attempting to load items from database...
[INFO] Initializing Stream Deck Driver...
[INFO] Attempting to load items from database...
[INFO] Initializing Stream Deck Driver...
[INFO] Attempting to load items from database...
[INFO] Initializing Stream Deck Driver...
[INFO] Attempting to load items from database...
[INFO] Initializing Stream Deck Driver...
[INFO] Attempting to load items from database...
[INFO] Initializing Stream Deck Driver...
[INFO] Attempting to load items from database...
[INFO] Initializing Stream Deck Driver...
[INFO] Attempting to load items from database...
[INFO] Initializing Stream Deck Driver...
[INFO] Attempting to load items from database...
[INFO] Initializing Stream Deck Driver...
[INFO] Attempting to load items from database...
[INFO] Initializing Stream Deck Driver...
[INFO] Attempting to load items from database...
[INFO] Initializing Stream Deck Driver...
[INFO] Attempting to load items from database...
[INFO] Initializing Stream Deck Driver...
[INFO] Attempting to load items from database...
[INFO] Initializing Stream Deck Driver...
[INFO] Attempting to load items from database...
[INFO] Initializing Stream Deck Driver...
[INFO] Attempting to load items from database...
[INFO] Initializing Stream Deck Driver...
[INFO] Attempting to load items from database...
[INFO] Initializing Stream Deck Driver...
[INFO] Attempting to load items from database...
[INFO] Initializing Stream Deck Driver...
[INFO] Attempting to load items from database...
[INFO] Initializing Stream Deck Driver...
[INFO] Attempting to load items from database...
[INFO] Initializing Stream Deck Driver...
[INFO] Attempting to load items from database...
[INFO] Initializing Stream Deck Driver...
[INFO] Attempting to load items from database...
[INFO] Initializing Stream Deck Driver...
[INFO] Attempting to load items from database...
[INFO] Initializing Stream Deck Driver...
[INFO] Attempting to load items from database...
[INFO] Initializing Stream Deck Driver...
[INFO] Attempting to load items from database...
[INFO] Initializing Stream Deck Driver...
[INFO] Attempting to load items from database...
[INFO] Initializing Stream Deck Driver...
[INFO] Attempting to load items from database...
[INFO] Initializing Stream Deck Driver...
[INFO] Attempting to load items from database...
[INFO] Initializing Stream Deck Driver...
[INFO] Attempting to load items from database...
[INFO] Initializing Stream Deck Driver...
[INFO] Attempting to load items from database...
[INFO] Initializing Stream Deck Driver...
[INFO] Attempting to load items from database...
[INFO] Initializing Stream Deck Driver...
[INFO] Attempting to load items from database...
[INFO] Initializing Stream Deck Driver...
[INFO] Attempting to load items from database...
[INFO] Initializing Stream Deck Driver...
[INFO] Attempting to load items from database...
[INFO] Initializing Stream Deck Driver...
[INFO] Attempting to load items from database...
[INFO] Initializing Stream Deck Driver...
[INFO] Attempting to load items from database...
[INFO] Initializing Stream Deck Driver...
[INFO] Attempting to load items from database...
[INFO] Initializing Stream Deck Driver...
[INFO] Attempting to load items from database...
[INFO] Initializing Stream Deck Driver...
[INFO] Attempting to load items from database...
[INFO] Initializing Stream Deck Driver...
[INFO] Attempting to load items from database...
[INFO] Initializing Stream Deck Driver...
[INFO] Attempting to load items from database...
[INFO] Initializing Stream Deck Driver...
[INFO] Attempting to load items from database...
[INFO] Initializing Stream Deck Driver...
[INFO] Attempting to load items from database...
[INFO] Initializing Stream Deck Driver...
[INFO] Attempting to load items from database...
[INFO] Initializing Stream Deck Driver...
[INFO] Attempting to load items from database...
[INFO] Initializing Stream Deck Driver...
[INFO] Attempting to load items from database...
[INFO] Initializing Stream Deck Driver...
[INFO] Attempting to load items from database...
[INFO] Initializing Stream Deck Driver...
[INFO] Attempting to load items from database...
[INFO] Initializing Stream Deck Driver...
[INFO] Attempting to load items from database...
[INFO] Initializing Stream Deck Driver...
[INFO] Attempting to load items from database...
[INFO] Initializing Stream Deck Driver...
[INFO] Attempting to load items from database...
[INFO] Initializing Stream Deck Driver...
[INFO] Attempting to load items from database...
[INFO] Initializing Stream Deck Driver...
[INFO] Attempting to load items from database...
[INFO] Initializing Stream Deck Driver...
[INFO] Attempting to load items from database...
[INFO] Initializing Stream Deck Driver...
[INFO] Attempting to load items from database...
[INFO] Initializing Stream Deck Driver...
[INFO] Attempting to load items from database...
[INFO] Initializing Stream Deck Driver...
[INFO] Attempting to load items from database...
[INFO] Initializing Stream Deck Driver...
[INFO] Attempting to load items from database...
[INFO] Initializing Stream Deck Driver...
[INFO] Attempting to load items from database...
[INFO] Initializing Stream Deck Driver...
[INFO] Attempting to load items from database...
[INFO] Initializing Stream Deck Driver...
[INFO] Attempting to load items from database...
[INFO] Initializing Stream Deck Driver...
[INFO] Attempting to load items from database...
[INFO] Initializing Stream Deck Driver...
[INFO] Attempting to load items from database...
[INFO] Initializing Stream Deck Driver...
[INFO] Attempting to load items from database...
[INFO] Initializing Stream Deck Driver...
[INFO] Attempting to load items from database...
[INFO] Initializing Stream Deck Driver...
[INFO] Attempting to load items from database...
[INFO] Initializing Stream Deck Driver...
[INFO] Attempting to load items from database...
[INFO] Initializing Stream Deck Driver...
[INFO] Attempting to load items from database...
[INFO] Initializing Stream Deck Driver...
[INFO] Attempting to load items from database...
[INFO] Initializing Stream Deck Driver...
[INFO] Attempting to load items from database...
[INFO] Initializing Stream Deck Driver...
[INFO] Attempting to load items from database...
[INFO] Initializing Stream Deck Driver...
[INFO] Attempting to load items from database...
[INFO] Initializing Stream Deck Driver...
[INFO] Attempting to load items from database...
[INFO] Initializing Stream Deck Driver...
[INFO] Attempting to load items from database...
[INFO] Initializing Stream Deck Driver...
[INFO] Attempting to load items from database...
[INFO] Initializing Stream Deck Driver...
[INFO] Attempting to load items from database...
[INFO] Initializing Stream Deck Driver...
[INFO] Attempting to load items from database...
[INFO] Initializing Stream Deck Driver...
[INFO] Attempting to load items from database...
[INFO] Initializing Stream Deck Driver...
[INFO] Attempting to load items from database...
[INFO] Initializing Stream Deck Driver...
[INFO] Attempting to load items from database...
[INFO] Initializing Stream Deck Driver...
[INFO] Attempting to load items from database...
[INFO] Initializing Stream Deck Driver...
[INFO] Attempting to load items from database...
[INFO] Initializing Stream Deck Driver...
[INFO] Attempting to load items from database...
[INFO] Initializing Stream Deck Driver...
[INFO] Attempting to load items from database...
[INFO] Initializing Stream Deck Driver...
[INFO] Attempting to load items from database...
[INFO] Initializing Stream Deck Driver...
[INFO] Attempting to load items from database...
[INFO] Initializing Stream Deck Driver...
[INFO] Attempting to load items from database...
[INFO] Initializing Stream Deck Driver...
[INFO] Attempting to load items from database...
[INFO] Initializing Stream Deck Driver...
[INFO] Attempting to load items from database...
[INFO] Initializing Stream Deck Driver...
[INFO] Attempting to load items from database...
[INFO] Initializing Stream Deck Driver...
[INFO] Attempting to load items from database...
[INFO] Initializing Stream Deck Driver...
[INFO] Attempting to load items from database...
[INFO] Initializing Stream Deck Driver...
[INFO] Attempting to load items from database...
[INFO] Initializing Stream Deck Driver...
[INFO] Attempting to load items from database...
[INFO] Initializing Stream Deck Driver...
[INFO] Attempting to load items from database...
[INFO] Initializing Stream Deck Driver...
[INFO] Attempting to load items from database...
[INFO] Initializing Stream Deck Driver...
[INFO] Attempting to load items from database...
[INFO] Initializing Stream Deck Driver...
[INFO] Attempting to load items from database...
[INFO] Initializing Stream Deck Driver...
[INFO] Attempting to load items from database...
[INFO] Initializing Stream Deck Driver...
[INFO] Attempting to load items from database...
[INFO] Initializing Stream Deck Driver...
[INFO] Attempting to load items from database...
[INFO] Initializing Stream Deck Driver...
[INFO] Attempting to load items from database...
[INFO] Initializing Stream Deck Driver...
[INFO] Attempting to load items from database...
[INFO] Initializing Stream Deck Driver...
[INFO] Attempting to load items from database...
[INFO] Initializing Stream Deck Driver...
[INFO] Attempting to load items from database...
[INFO] Initializing Stream Deck Driver...
[INFO] Attempting to load items from database...
[INFO] Initializing Stream Deck Driver...
[INFO] Attempting to load items from database...
[INFO] Initializing Stream Deck Driver...
[INFO] Attempting to load items from database...
[INFO] Initializing Stream Deck Driver...
[INFO] Attempting to load items from database...
[INFO] Initializing Stream Deck Driver...
[INFO] Attempting to load items from database...
[INFO] Initializing Stream Deck Driver...
[INFO] Attempting to load items from database...
[INFO] Initializing Stream Deck Driver...
[INFO] Attempting to load items from database...
[INFO] Initializing Stream Deck Driver...
[INFO] Attempting to load items from database...
[INFO] Initializing Stream Deck Driver...
[INFO] Attempting to load items from database...
[INFO] Initializing Stream Deck Driver...
[INFO] Attempting to load items from database...
[INFO] Initializing Stream Deck Driver...
[INFO] Attempting to load items from database...
[INFO] Initializing Stream Deck Driver...
[INFO] Attempting to load items from database...
[INFO] Initializing Stream Deck Driver...
[INFO] Attempting to load items from database...
[INFO] Initializing Stream Deck Driver...
[INFO] Attempting to load items from database...
[INFO] Initializing Stream Deck Driver...
[INFO] Attempting to load items from database...
[INFO] Initializing Stream Deck Driver...
[INFO] Attempting to load items from database...
[INFO] Initializing Stream Deck Driver...
[INFO] Attempting to load items from database...
[INFO] Initializing Stream Deck Driver...
[INFO] Attempting to load items from database...
[INFO] Initializing Stream Deck Driver...
[INFO] Attempting to load items from database...
[INFO] Initializing Stream Deck Driver...
[INFO] Attempting to load items from database...
[INFO] Initializing Stream Deck Driver...
[INFO] Attempting to load items from database...
[INFO] Initializing Stream Deck Driver...
[INFO] Attempting to load items from database...
[INFO] Initializing Stream Deck Driver...
[INFO] Attempting to load items from database...
[INFO] Initializing Stream Deck Driver...
[INFO] Attempting to load items from database...
[INFO] Initializing Stream Deck Driver...
[INFO] Attempting to load items from database...
[INFO] Initializing Stream Deck Driver...
[INFO] Attempting to load items from database...
[INFO] Initializing Stream Deck Driver...
[INFO] Attempting to load items from database...
[INFO] Initializing Stream Deck Driver...
[INFO] Attempting to load items from database...
[INFO] Initializing Stream Deck Driver...
[INFO] Attempting to load items from database...
[INFO] Initializing Stream Deck Driver...
[INFO] Attempting to load items from database...
[INFO] Initializing Stream Deck Driver...
[INFO] Attempting to load items from database...
[INFO] Initializing Stream Deck Driver...
[INFO] Attempting to load items from database...
[INFO] Initializing Stream Deck Driver...
[INFO] Attempting to load items from database...
[INFO] Initializing Stream Deck Driver...
[INFO] Attempting to load items from database...
[INFO] Initializing Stream Deck Driver...
[INFO] Attempting to load items from database...
[INFO] Initializing Stream Deck Driver...
[INFO] Attempting to load items from database...
[INFO] Initializing Stream Deck Driver...
[INFO] Attempting to load items from database...
[INFO] Initializing Stream Deck Driver...
[INFO] Attempting to load items from database...
[INFO] Initializing Stream Deck Driver...
[INFO] Attempting to load items from database...
[INFO] Initializing Stream Deck Driver...
[INFO] Attempting to load items from database...
[INFO] Initializing Stream Deck Driver...
[INFO] Attempting to load items from database...
[INFO] Initializing Stream Deck Driver...
[INFO] Attempting to load items from database...
[INFO] Initializing Stream Deck Driver...
[INFO] Attempting to load items from database...
[INFO] Initializing Stream Deck Driver...
[INFO] Attempting to load items from database...
[INFO] Initializing Stream Deck Driver...
[INFO] Attempting to load items from database...
[INFO] Initializing Stream Deck Driver...
[INFO] Attempting to load items from database...
[INFO] Initializing Stream Deck Driver...
[INFO] Attempting to load items from database...
[INFO] Initializing Stream Deck Driver...
[INFO] Attempting to load items from database...
[INFO] Initializing Stream Deck Driver...
[INFO] Attempting to load items from database...
[INFO] Initializing Stream Deck Driver...
[INFO] Attempting to load items from database...
[INFO] Initializing Stream Deck Driver...
[INFO] Attempting to load items from database...
[INFO] Initializing Stream Deck Driver...
[INFO] Attempting to load items from database...
[INFO] Initializing Stream Deck Driver...
[INFO] Attempting to load items from database...
[INFO] Initializing Stream Deck Driver...
[INFO] Attempting to load items from database...
[INFO] Initializing Stream Deck Driver...
[INFO] Attempting to load items from database...
[INFO] Initializing Stream Deck Driver...
[INFO] Attempting to load items from database...
[INFO] Initializing Stream Deck Driver...
[INFO] Attempting to load items from database...
[INFO] Initializing Stream Deck Driver...
[INFO] Attempting to load items from database...
[INFO] Initializing Stream Deck Driver...
[INFO] Attempting to load items from database...
[INFO] Initializing Stream Deck Driver...
[INFO] Attempting to load items from database...
[INFO] Initializing Stream Deck Driver...
[INFO] Attempting to load items from database...
[INFO] Initializing Stream Deck Driver...
[INFO] Attempting to load items from database...
[INFO] Initializing Stream Deck Driver...
[INFO] Attempting to load items from database...
[INFO] Initializing Stream Deck Driver...
[INFO] Attempting to load items from database...
[INFO] Initializing Stream Deck Driver...
[INFO] Attempting to load items from database...
[INFO] Initializing Stream Deck Driver...
[INFO] Attempting to load items from database...
[INFO] Initializing Stream Deck Driver...
[INFO] Attempting to load items from database...
[INFO] Initializing Stream Deck Driver...
[INFO] Attempting to load items from database...
[INFO] Initializing Stream Deck Driver...
[INFO] Attempting to load items from database...
[INFO] Initializing Stream Deck Driver...
[INFO] Attempting to load items from database...
[INFO] Initializing Stream Deck Driver...
[INFO] Attempting to load items from database...
[INFO] Initializing Stream Deck Driver...
[INFO] Attempting to load items from database...
[INFO] Initializing Stream Deck Driver...
[INFO] Attempting to load items from database...
[INFO] Initializing Stream Deck Driver...
[INFO] Attempting to load items from database...
[INFO] Initializing Stream Deck Driver...
[INFO] Attempting to load items from database...
[INFO] Initializing Stream Deck Driver...
[INFO] Attempting to load items from database...
[INFO] Initializing Stream Deck Driver...
[INFO] Attempting to load items from database...
[INFO] Initializing Stream Deck Driver...
[INFO] Attempting to load items from database...
[INFO] Initializing Stream Deck Driver...
[INFO] Attempting to load items from database...
[INFO] Initializing Stream Deck Driver...
[INFO] Attempting to load items from database...
[INFO] Initializing Stream Deck Driver...
[INFO] Attempting to load items from database...
[INFO] Initializing Stream Deck Driver...
[INFO] Attempting to load items from database...
[INFO] Initializing Stream Deck Driver...
[INFO] Attempting to load items from database...
[INFO] Initializing Stream Deck Driver...
[INFO] Attempting to load items from database...
[INFO] Initializing Stream Deck Driver...
[INFO] Attempting to load items from database...
[INFO] Initializing Stream Deck Driver...
[INFO] Attempting to load items from database...
[INFO] Initializing Stream Deck Driver...
[INFO] Attempting to load items from database...
[INFO] Initializing Stream Deck Driver...
[INFO] Attempting to load items from database...
[INFO] Initializing Stream Deck Driver...
[INFO] Attempting to load items from database...
[INFO] Initializing Stream Deck Driver...
[INFO] Attempting to load items from database...
[INFO] Initializing Stream Deck Driver...
[INFO] Attempting to load items from database...
[INFO] Initializing Stream Deck Driver...
[INFO] Attempting to load items from database...
[INFO] Initializing Stream Deck Driver...
[INFO] Attempting to load items from database...
[INFO] Initializing Stream Deck Driver...
[INFO] Attempting to load items from database...
[INFO] Initializing Stream Deck Driver...
[INFO] Attempting to load items from database...
[INFO] Initializing Stream Deck Driver...
[INFO] Attempting to load items from database...
[INFO] Initializing Stream Deck Driver...
[INFO] Attempting to load items from database...
[INFO] Initializing Stream Deck Driver...
[INFO] Attempting to load items from database...
[INFO] Initializing Stream Deck Driver...
[INFO] Attempting to load items from database...
[INFO] Initializing Stream Deck Driver...
[INFO] Attempting to load items from database...
[INFO] Initializing Stream Deck Driver...
[INFO] Attempting to load items from database...
[INFO] Initializing Stream Deck Driver...
[INFO] Attempting to load items from database...
[INFO] Initializing Stream Deck Driver...
[INFO] Attempting to load items from database...
[INFO] Initializing Stream Deck Driver...
[INFO] Attempting to load items from database...
